@storybook/cli v7.0.0-rc.3

info => Cleaning outputDir: /var/folders/1x/8yjjyfvx5fngxx7tjs46t5r00000gn/T/chromatic--29859-pC40g1msgyI5
info => Loading presets
info => Building manager..
info => Manager built (111 ms)
info => Copying static files: /Users/daeseungmoon/work/cozy-notion/node_modules/@storybook/manager/static at /var/folders/1x/8yjjyfvx5fngxx7tjs46t5r00000gn/T/chromatic--29859-pC40g1msgyI5/sb-common-assets

vite v4.2.0 building for production...

./sb-common-assets/fonts.css doesn't exist at build time, it will remain unchanged to be resolved at runtime
transforming...
8:12:49 AM [vite-plugin-svelte] /src/lib/default-notion-components/Heading3.svelte:34:1 Unused CSS selector "summary::marker"
32: 
33: <style>
34:   summary::marker {
      ^
35:     font-size: 1rem;
36:   }
8:12:49 AM [vite-plugin-svelte] /src/lib/default-notion-components/SyncedBlock.svelte:1:29 SyncedBlock has unused export property 'props'. If it is for external reference only, please consider using `export const props`
1: <script lang="ts">export let props;
                                ^
2: </script>
3: 
8:12:49 AM [vite-plugin-svelte] /src/lib/default-notion-components/Image/Image.svelte:76:1 Unused CSS selector ".notion-image-content img"
74:   }
75: 
76:   .notion-image-content img {
      ^
77:     width: 100%;
78:     margin: 0 auto;
8:12:49 AM [vite-plugin-svelte] /src/lib/default-notion-components/Code/Code.svelte:177:1 Unused CSS selector ".notion-code-copy-button svg"
175:   }
176: 
177:   .notion-code-copy-button svg {
       ^
178:     display: block;
179:     height: 14px;
Use of eval in "../../node_modules/telejson/dist/index.mjs" is strongly discouraged as it poses security risks and may cause issues with minification.
Use of eval in "../../node_modules/telejson/dist/index.mjs" is strongly discouraged as it poses security risks and may cause issues with minification.
✓ 773 modules transformed.
8:12:51 AM [vite-plugin-svelte] dom compile done.
package                      	files	  time	   avg
@cozy-blog/svelte-notion-page	   54	 0.42s	 7.8ms
@storybook/svelte            	    2	51.8ms	25.9ms
rendering chunks...
computing gzip size...
../../../../../../var/folders/1x/8yjjyfvx5fngxx7tjs46t5r00000gn/T/chromatic--29859-pC40g1msgyI5/assets/minus-0b1556bd.svg                               0.17 kB
../../../../../../var/folders/1x/8yjjyfvx5fngxx7tjs46t5r00000gn/T/chromatic--29859-pC40g1msgyI5/assets/info-67485b8b.svg                                0.47 kB
../../../../../../var/folders/1x/8yjjyfvx5fngxx7tjs46t5r00000gn/T/chromatic--29859-pC40g1msgyI5/assets/cross-42442b15.svg                               0.57 kB
../../../../../../var/folders/1x/8yjjyfvx5fngxx7tjs46t5r00000gn/T/chromatic--29859-pC40g1msgyI5/assets/arrow_forward-104b9bc0.svg                       0.72 kB
../../../../../../var/folders/1x/8yjjyfvx5fngxx7tjs46t5r00000gn/T/chromatic--29859-pC40g1msgyI5/assets/arrow_back-09195097.svg                          0.72 kB
../../../../../../var/folders/1x/8yjjyfvx5fngxx7tjs46t5r00000gn/T/chromatic--29859-pC40g1msgyI5/assets/download-22ea4814.svg                            0.76 kB
../../../../../../var/folders/1x/8yjjyfvx5fngxx7tjs46t5r00000gn/T/chromatic--29859-pC40g1msgyI5/assets/plus-b4424ae5.svg                                0.81 kB
../../../../../../var/folders/1x/8yjjyfvx5fngxx7tjs46t5r00000gn/T/chromatic--29859-pC40g1msgyI5/assets/success-e8e52ddb.svg                             0.93 kB
../../../../../../var/folders/1x/8yjjyfvx5fngxx7tjs46t5r00000gn/T/chromatic--29859-pC40g1msgyI5/assets/error-30b3866a.svg                               1.05 kB
../../../../../../var/folders/1x/8yjjyfvx5fngxx7tjs46t5r00000gn/T/chromatic--29859-pC40g1msgyI5/assets/close-b006d55f.svg                               1.12 kB
../../../../../../var/folders/1x/8yjjyfvx5fngxx7tjs46t5r00000gn/T/chromatic--29859-pC40g1msgyI5/assets/warn-52ac6d02.svg                                1.32 kB
../../../../../../var/folders/1x/8yjjyfvx5fngxx7tjs46t5r00000gn/T/chromatic--29859-pC40g1msgyI5/iframe.html                                            13.08 kB
../../../../../../var/folders/1x/8yjjyfvx5fngxx7tjs46t5r00000gn/T/chromatic--29859-pC40g1msgyI5/assets/reasons_to_live-3783a207.jpeg                   39.21 kB
../../../../../../var/folders/1x/8yjjyfvx5fngxx7tjs46t5r00000gn/T/chromatic--29859-pC40g1msgyI5/assets/frog-31cd626c.jpeg                             122.61 kB
../../../../../../var/folders/1x/8yjjyfvx5fngxx7tjs46t5r00000gn/T/chromatic--29859-pC40g1msgyI5/assets/uglychart-6c93afd6.png                       1,762.51 kB
../../../../../../var/folders/1x/8yjjyfvx5fngxx7tjs46t5r00000gn/T/chromatic--29859-pC40g1msgyI5/assets/index-6cc19b4a.css                              26.06 kB │ gzip:   5.59 kB
../../../../../../var/folders/1x/8yjjyfvx5fngxx7tjs46t5r00000gn/T/chromatic--29859-pC40g1msgyI5/assets/index-d475d2ea.js                                0.21 kB │ gzip:   0.17 kB │ map:     0.83 kB
../../../../../../var/folders/1x/8yjjyfvx5fngxx7tjs46t5r00000gn/T/chromatic--29859-pC40g1msgyI5/assets/_commonjsHelpers-725317a4.js                     0.29 kB │ gzip:   0.23 kB │ map:     0.11 kB
../../../../../../var/folders/1x/8yjjyfvx5fngxx7tjs46t5r00000gn/T/chromatic--29859-pC40g1msgyI5/assets/chunk-R4NKYYJA-96bb58e6.js                       0.30 kB │ gzip:   0.23 kB │ map:     0.81 kB
../../../../../../var/folders/1x/8yjjyfvx5fngxx7tjs46t5r00000gn/T/chromatic--29859-pC40g1msgyI5/assets/preview-b46f2f50.js                              0.40 kB │ gzip:   0.28 kB │ map:     1.13 kB
../../../../../../var/folders/1x/8yjjyfvx5fngxx7tjs46t5r00000gn/T/chromatic--29859-pC40g1msgyI5/assets/WithTooltip-5WWCYCAA-036bc3ed.js                 0.40 kB │ gzip:   0.26 kB │ map:     0.11 kB
../../../../../../var/folders/1x/8yjjyfvx5fngxx7tjs46t5r00000gn/T/chromatic--29859-pC40g1msgyI5/assets/DocsRenderer-7FRJXR4N-5552b0e2.js                0.42 kB │ gzip:   0.28 kB │ map:     0.11 kB
../../../../../../var/folders/1x/8yjjyfvx5fngxx7tjs46t5r00000gn/T/chromatic--29859-pC40g1msgyI5/assets/syntaxhighlighter-QTQ2UBB4-b8a2e44c.js           0.42 kB │ gzip:   0.28 kB │ map:     0.12 kB
../../../../../../var/folders/1x/8yjjyfvx5fngxx7tjs46t5r00000gn/T/chromatic--29859-pC40g1msgyI5/assets/index-d810cbba.js                                0.44 kB │ gzip:   0.28 kB │ map:     0.10 kB
../../../../../../var/folders/1x/8yjjyfvx5fngxx7tjs46t5r00000gn/T/chromatic--29859-pC40g1msgyI5/assets/index-8985affd.js                                0.54 kB │ gzip:   0.36 kB │ map:     4.28 kB
../../../../../../var/folders/1x/8yjjyfvx5fngxx7tjs46t5r00000gn/T/chromatic--29859-pC40g1msgyI5/assets/preview-3841cd59.js                              0.57 kB │ gzip:   0.35 kB │ map:     0.57 kB
../../../../../../var/folders/1x/8yjjyfvx5fngxx7tjs46t5r00000gn/T/chromatic--29859-pC40g1msgyI5/assets/preview-0435c720.js                              0.69 kB │ gzip:   0.49 kB │ map:     3.76 kB
../../../../../../var/folders/1x/8yjjyfvx5fngxx7tjs46t5r00000gn/T/chromatic--29859-pC40g1msgyI5/assets/index-356e4a49.js                                0.81 kB │ gzip:   0.51 kB │ map:     3.26 kB
../../../../../../var/folders/1x/8yjjyfvx5fngxx7tjs46t5r00000gn/T/chromatic--29859-pC40g1msgyI5/assets/preview-b1164a2e.js                              0.88 kB │ gzip:   0.58 kB │ map:     2.81 kB
../../../../../../var/folders/1x/8yjjyfvx5fngxx7tjs46t5r00000gn/T/chromatic--29859-pC40g1msgyI5/assets/Introduction-d9f2b6b1.js                         2.30 kB │ gzip:   1.21 kB │ map:     4.29 kB
../../../../../../var/folders/1x/8yjjyfvx5fngxx7tjs46t5r00000gn/T/chromatic--29859-pC40g1msgyI5/assets/preview-16cbdbf3.js                              2.38 kB │ gzip:   1.26 kB │ map:    10.24 kB
../../../../../../var/folders/1x/8yjjyfvx5fngxx7tjs46t5r00000gn/T/chromatic--29859-pC40g1msgyI5/assets/index-d37d4223.js                                2.63 kB │ gzip:   1.30 kB │ map:     7.46 kB
../../../../../../var/folders/1x/8yjjyfvx5fngxx7tjs46t5r00000gn/T/chromatic--29859-pC40g1msgyI5/assets/preview-f96f0111.js                              3.29 kB │ gzip:   1.41 kB │ map:    10.09 kB
../../../../../../var/folders/1x/8yjjyfvx5fngxx7tjs46t5r00000gn/T/chromatic--29859-pC40g1msgyI5/assets/Example.stories-c256e836.js                      4.72 kB │ gzip:   1.62 kB │ map:     8.82 kB
../../../../../../var/folders/1x/8yjjyfvx5fngxx7tjs46t5r00000gn/T/chromatic--29859-pC40g1msgyI5/assets/Example.stories-ae5e6f19.js                      5.02 kB │ gzip:   1.80 kB │ map:     8.95 kB
../../../../../../var/folders/1x/8yjjyfvx5fngxx7tjs46t5r00000gn/T/chromatic--29859-pC40g1msgyI5/assets/Example.stories-5d5b740b.js                      5.33 kB │ gzip:   1.81 kB │ map:    10.35 kB
../../../../../../var/folders/1x/8yjjyfvx5fngxx7tjs46t5r00000gn/T/chromatic--29859-pC40g1msgyI5/assets/Example.stories-4612baf3.js                      6.98 kB │ gzip:   1.99 kB │ map:    13.41 kB
../../../../../../var/folders/1x/8yjjyfvx5fngxx7tjs46t5r00000gn/T/chromatic--29859-pC40g1msgyI5/assets/Example.stories-06cf3130.js                      7.38 kB │ gzip:   2.01 kB │ map:    14.22 kB
../../../../../../var/folders/1x/8yjjyfvx5fngxx7tjs46t5r00000gn/T/chromatic--29859-pC40g1msgyI5/assets/Example.stories-75cf9eca.js                      7.46 kB │ gzip:   2.04 kB │ map:    15.20 kB
../../../../../../var/folders/1x/8yjjyfvx5fngxx7tjs46t5r00000gn/T/chromatic--29859-pC40g1msgyI5/assets/preview-62235626.js                              7.69 kB │ gzip:   1.60 kB │ map:    13.70 kB
../../../../../../var/folders/1x/8yjjyfvx5fngxx7tjs46t5r00000gn/T/chromatic--29859-pC40g1msgyI5/assets/preview-e6f1f377.js                              7.97 kB │ gzip:   3.03 kB │ map:    28.18 kB
../../../../../../var/folders/1x/8yjjyfvx5fngxx7tjs46t5r00000gn/T/chromatic--29859-pC40g1msgyI5/assets/iframe-b6570f30.js                               8.87 kB │ gzip:   2.02 kB │ map:     9.27 kB
../../../../../../var/folders/1x/8yjjyfvx5fngxx7tjs46t5r00000gn/T/chromatic--29859-pC40g1msgyI5/assets/Introduction.stories-16442ed1.js                 9.96 kB │ gzip:   2.27 kB │ map:    24.32 kB
../../../../../../var/folders/1x/8yjjyfvx5fngxx7tjs46t5r00000gn/T/chromatic--29859-pC40g1msgyI5/assets/config-47d746c4.js                              10.20 kB │ gzip:   3.64 kB │ map:    17.32 kB
../../../../../../var/folders/1x/8yjjyfvx5fngxx7tjs46t5r00000gn/T/chromatic--29859-pC40g1msgyI5/assets/GlobalScrollAreaStyles-XIHNDKUY-a2b0f79c.js     10.38 kB │ gzip:   2.34 kB │ map:    15.71 kB
../../../../../../var/folders/1x/8yjjyfvx5fngxx7tjs46t5r00000gn/T/chromatic--29859-pC40g1msgyI5/assets/Example.stories-f28b38f4.js                     10.72 kB │ gzip:   2.27 kB │ map:    24.74 kB
../../../../../../var/folders/1x/8yjjyfvx5fngxx7tjs46t5r00000gn/T/chromatic--29859-pC40g1msgyI5/assets/Example.stories-fca516fc.js                     10.89 kB │ gzip:   2.30 kB │ map:    24.25 kB
../../../../../../var/folders/1x/8yjjyfvx5fngxx7tjs46t5r00000gn/T/chromatic--29859-pC40g1msgyI5/assets/Example.stories-d676805e.js                     11.28 kB │ gzip:   2.76 kB │ map:    22.31 kB
../../../../../../var/folders/1x/8yjjyfvx5fngxx7tjs46t5r00000gn/T/chromatic--29859-pC40g1msgyI5/assets/Example.stories-35ced016.js                     11.81 kB │ gzip:   2.84 kB │ map:    24.61 kB
../../../../../../var/folders/1x/8yjjyfvx5fngxx7tjs46t5r00000gn/T/chromatic--29859-pC40g1msgyI5/assets/Example.stories-4358ffa5.js                     12.13 kB │ gzip:   2.30 kB │ map:    29.26 kB
../../../../../../var/folders/1x/8yjjyfvx5fngxx7tjs46t5r00000gn/T/chromatic--29859-pC40g1msgyI5/assets/Example.stories-45f98bcc.js                     12.13 kB │ gzip:   2.29 kB │ map:    29.26 kB
../../../../../../var/folders/1x/8yjjyfvx5fngxx7tjs46t5r00000gn/T/chromatic--29859-pC40g1msgyI5/assets/index-d6c1bb3e.js                               13.26 kB │ gzip:   5.47 kB │ map:   109.55 kB
../../../../../../var/folders/1x/8yjjyfvx5fngxx7tjs46t5r00000gn/T/chromatic--29859-pC40g1msgyI5/assets/Example.stories-33447181.js                     14.01 kB │ gzip:   2.55 kB │ map:    38.33 kB
../../../../../../var/folders/1x/8yjjyfvx5fngxx7tjs46t5r00000gn/T/chromatic--29859-pC40g1msgyI5/assets/Example.stories-790a315d.js                     14.36 kB │ gzip:   2.65 kB │ map:    34.72 kB
../../../../../../var/folders/1x/8yjjyfvx5fngxx7tjs46t5r00000gn/T/chromatic--29859-pC40g1msgyI5/assets/Example.stories-7a2b3d1c.js                     14.59 kB │ gzip:   2.56 kB │ map:    33.51 kB
../../../../../../var/folders/1x/8yjjyfvx5fngxx7tjs46t5r00000gn/T/chromatic--29859-pC40g1msgyI5/assets/Example.stories-3fe2eec4.js                     14.79 kB │ gzip:   2.55 kB │ map:    36.19 kB
../../../../../../var/folders/1x/8yjjyfvx5fngxx7tjs46t5r00000gn/T/chromatic--29859-pC40g1msgyI5/assets/Example.stories-0a2d7457.js                     15.32 kB │ gzip:   2.63 kB │ map:    39.11 kB
../../../../../../var/folders/1x/8yjjyfvx5fngxx7tjs46t5r00000gn/T/chromatic--29859-pC40g1msgyI5/assets/Example.stories-230e3e9e.js                     19.66 kB │ gzip:   5.84 kB │ map:    36.67 kB
../../../../../../var/folders/1x/8yjjyfvx5fngxx7tjs46t5r00000gn/T/chromatic--29859-pC40g1msgyI5/assets/preview-4372e0bb.js                             21.08 kB │ gzip:   7.00 kB │ map:    67.96 kB
../../../../../../var/folders/1x/8yjjyfvx5fngxx7tjs46t5r00000gn/T/chromatic--29859-pC40g1msgyI5/assets/Color-3YIJY6X7-0b751b7f.js                      30.95 kB │ gzip:  11.62 kB │ map:   112.45 kB
../../../../../../var/folders/1x/8yjjyfvx5fngxx7tjs46t5r00000gn/T/chromatic--29859-pC40g1msgyI5/assets/OverlayScrollbars-VAV6LJAB-b5f0d01c.js          58.95 kB │ gzip:  25.28 kB │ map:   277.31 kB
../../../../../../var/folders/1x/8yjjyfvx5fngxx7tjs46t5r00000gn/T/chromatic--29859-pC40g1msgyI5/assets/index-2b324287.js                               64.29 kB │ gzip:  18.38 kB │ map:   255.48 kB
../../../../../../var/folders/1x/8yjjyfvx5fngxx7tjs46t5r00000gn/T/chromatic--29859-pC40g1msgyI5/assets/index-cc0bedd8.js                              454.41 kB │ gzip: 146.21 kB │ map: 1,425.02 kB
../../../../../../var/folders/1x/8yjjyfvx5fngxx7tjs46t5r00000gn/T/chromatic--29859-pC40g1msgyI5/assets/formatter-MGIGMU7Y-032b37cb.js                 601.48 kB │ gzip: 185.03 kB │ map: 1,315.77 kB
../../../../../../var/folders/1x/8yjjyfvx5fngxx7tjs46t5r00000gn/T/chromatic--29859-pC40g1msgyI5/assets/chunk-PCJTTTQV-62fd2d7c.js                     650.54 kB │ gzip: 213.47 kB │ map: 1,828.55 kB

(!) Some chunks are larger than 500 kBs after minification. Consider:
- Using dynamic import() to code-split the application
- Use build.rollupOptions.output.manualChunks to improve chunking: https://rollupjs.org/configuration-options/#output-manualchunks
- Adjust chunk size limit for this warning via build.chunkSizeWarningLimit.
✓ built in 9.26s
info => Output directory: /var/folders/1x/8yjjyfvx5fngxx7tjs46t5r00000gn/T/chromatic--29859-pC40g1msgyI5
